210	NC_015119.1:1426-2962	142
211	NC_015119.1:1426-2962	139
212	NC_015119.1:1426-2962	139
213	NC_015119.1:1426-2962	139
214	NC_015119.1:1426-2962	139
215	NC_015119.1:1426-2962	139
216	NC_015119.1:1426-2962	139
217	NC_015119.1:1426-2962	139
218	NC_015119.1:1426-2962	139
219	NC_015119.1:1426-2962	139
220	NC_015119.1:1426-2962	139
221	NC_015119.1:1426-2962	139
222	NC_015119.1:1426-2962	139
223	NC_015119.1:1426-2962	139
224	NC_015119.1:1426-2962	139
225	NC_015119.1:1426-2962	139
226	NC_015119.1:1426-2962	139
227	NC_015119.1:1426-2962	139
228	NC_015119.1:1426-2962	139
229	NC_015119.1:1426-2962	139
230	NC_015119.1:1426-2962	139
231	NC_015119.1:1426-2962	139
232	NC_015119.1:1426-2962	139
233	NC_015119.1:1426-2962	139
234	NC_015119.1:1426-2962	139
235	NC_015119.1:1426-2962	139
236	NC_015119.1:1426-2962	139
237	NC_015119.1:1426-2962	139
238	NC_015119.1:1426-2962	139
239	NC_015119.1:1426-2962	139
240	NC_015119.1:1426-2962	139
241	NC_015119.1:1426-2962	139
242	NC_015119.1:1426-2962	139
243	NC_015119.1:1426-2962	139
244	NC_015119.1:1426-2962	139
245	NC_015119.1:1426-2962	139
246	NC_015119.1:1426-2962	139
247	NC_015119.1:1426-2962	139
248	NC_015119.1:1426-2962	139
249	NC_015119.1:1426-2962	139
250	NC_015119.1:1426-2962	139
251	NC_015119.1:1426-2962	139
252	NC_015119.1:1426-2962	139
253	NC_015119.1:1426-2962	138
254	NC_015119.1:1426-2962	138
255	NC_015119.1:1426-2962	138
256	NC_015119.1:1426-2962	138
257	NC_015119.1:1426-2962	138
258	NC_015119.1:1426-2962	137
259	NC_015119.1:1426-2962	137
260	NC_015119.1:1426-2962	137
261	NC_015119.1:1426-2962	137
262	NC_015119.1:1426-2962	137
263	NC_015119.1:1426-2962	137
264	NC_015119.1:1426-2962	137
265	NC_015119.1:1426-2962	137
266	NC_015119.1:1426-2962	137
267	NC_015119.1:1426-2962	137
268	NC_015119.1:1426-2962	137
269	NC_015119.1:1426-2962	137
270	NC_015119.1:1426-2962	137
271	NC_015119.1:1426-2962	137
272	NC_015119.1:1426-2962	137
273	NC_015119.1:1426-2962	137
274	NC_015119.1:1426-2962	137
275	NC_015119.1:1426-2962	137
276	NC_015119.1:1426-2962	137
277	NC_015119.1:1426-2962	137
278	NC_015119.1:1426-2962	137
279	NC_015119.1:1426-2962	137
280	NC_015119.1:1426-2962	137
281	NC_015119.1:1426-2962	137
282	NC_015119.1:1426-2962	137
283	NC_015119.1:1426-2962	137
284	NC_015119.1:1426-2962	137
285	NC_015119.1:1426-2962	137
286	NC_015119.1:1426-2962	137
287	NC_015119.1:1426-2962	137
288	NC_015119.1:1426-2962	137
289	NC_015119.1:1426-2962	136
290	NC_015119.1:1426-2962	136
291	NC_015119.1:1426-2962	136
292	NC_015119.1:1426-2962	136
293	NC_015119.1:1426-2962	136
294	NC_015119.1:1426-2962	136
295	NC_015119.1:1426-2962	136
296	NC_015119.1:1426-2962	136
297	NC_015119.1:1426-2962	136
298	NC_015119.1:1426-2962	136
299	NC_015119.1:1426-2962	136
300	NC_015119.1:1426-2962	136
301	NC_015119.1:1426-2962	136
302	NC_015119.1:1426-2962	136
303	NC_015119.1:1426-2962	136
304	NC_015119.1:1426-2962	136
305	NC_015119.1:1426-2962	136
306	NC_015119.1:1426-2962	135
307	NC_015119.1:1426-2962	135
308	NC_015119.1:1426-2962	134
309	NC_015119.1:1426-2962	134
310	NC_015119.1:1426-2962	133
311	NC_015119.1:1426-2962	101
312	NC_015119.1:1426-2962	127
313	NC_015119.1:1426-2962	127
314	NC_015119.1:1426-2962	127
315	NC_015119.1:1426-2962	127
316	NC_015119.1:1426-2962	127
317	NC_015119.1:1426-2962	127
318	NC_015119.1:1426-2962	127
319	NC_015119.1:1426-2962	127
320	NC_015119.1:1426-2962	127
321	NC_015119.1:1426-2962	127
322	NC_015119.1:1426-2962	127
323	NC_015119.1:1426-2962	127
324	NC_015119.1:1426-2962	126
325	NC_015119.1:1426-2962	125
326	NC_015119.1:1426-2962	125
327	NC_015119.1:1426-2962	122
328	NC_015119.1:1426-2962	122
329	NC_015119.1:1426-2962	122
330	NC_015119.1:1426-2962	122
331	NC_015119.1:1426-2962	122
332	NC_015119.1:1426-2962	121
333	NC_015119.1:1426-2962	121
334	NC_015119.1:1426-2962	121
335	NC_015119.1:1426-2962	121
336	NC_015119.1:1426-2962	121
337	NC_015119.1:1426-2962	120
338	NC_015119.1:1426-2962	119
339	NC_015119.1:1426-2962	119
340	NC_015119.1:1426-2962	116
341	NC_015119.1:1426-2962	115
342	NC_015119.1:1426-2962	112
343	NC_015119.1:1426-2962	107
344	NC_015119.1:1426-2962	90
345	NC_015119.1:1426-2962	85
346	NC_015119.1:1426-2962	85
347	NC_015119.1:1426-2962	85
348	NC_015119.1:1426-2962	85
349	NC_015119.1:1426-2962	85
350	NC_015119.1:1426-2962	85
351	NC_015119.1:1426-2962	85
352	NC_015119.1:1426-2962	85
353	NC_015119.1:1426-2962	75
354	NC_015119.1:1426-2962	27
355	NC_015119.1:1426-2962	75
356	NC_015119.1:1426-2962	27
357	NC_015119.1:1426-2962	73
358	NC_015119.1:1426-2962	27
359	NC_015119.1:1426-2962	73
360	NC_015119.1:1426-2962	27
361	NC_015119.1:1426-2962	73
362	NC_015119.1:1426-2962	27
363	NC_015119.1:1426-2962	73
364	NC_015119.1:1426-2962	27
365	NC_015119.1:1426-2962	73
366	NC_015119.1:1426-2962	27
367	NC_015119.1:1426-2962	73
368	NC_015119.1:1426-2962	27
369	NC_015119.1:1426-2962	73
370	NC_015119.1:1426-2962	27
371	NC_015119.1:1426-2962	73
372	NC_015119.1:1426-2962	27
373	NC_015119.1:1426-2962	73
374	NC_015119.1:1426-2962	27
375	NC_015119.1:1426-2962	73
376	NC_015119.1:1426-2962	27
377	NC_015119.1:1426-2962	73
378	NC_015119.1:1426-2962	27
379	NC_015119.1:1426-2962	73
380	NC_015119.1:1426-2962	27
381	NC_015119.1:1426-2962	73
382	NC_015119.1:1426-2962	27
383	NC_015119.1:1426-2962	70
384	NC_015119.1:1426-2962	73
385	NC_015119.1:1426-2962	27
386	NC_015119.1:1426-2962	72
387	NC_015119.1:1426-2962	27
388	NC_015119.1:1426-2962	72
389	NC_015119.1:1426-2962	27
390	NC_015119.1:1426-2962	71
391	NC_015119.1:1426-2962	27
392	NC_015119.1:1426-2962	71
393	NC_015119.1:1426-2962	27
394	NC_015119.1:1426-2962	71
395	NC_015119.1:1426-2962	27
396	NC_015119.1:1426-2962	71
397	NC_015119.1:1426-2962	27
398	NC_015119.1:1426-2962	62
399	NC_015119.1:1426-2962	57
400	NC_015119.1:1426-2962	49
401	NC_015119.1:1426-2962	40
402	NC_015119.1:1426-2962	40
403	NC_015119.1:1426-2962	35
404	NC_015119.1:1426-2962	29
405	NC_015119.1:1426-2962	30
