1	NC_015119.1:1426-2962	432
2	NC_015119.1:1426-2962	430
3	NC_015119.1:1426-2962	430
4	NC_015119.1:1426-2962	429
5	NC_015119.1:1426-2962	429
6	NC_015119.1:1426-2962	429
7	NC_015119.1:1426-2962	429
8	NC_015119.1:1426-2962	428
9	NC_015119.1:1426-2962	428
10	NC_015119.1:1426-2962	428
11	NC_015119.1:1426-2962	428
12	NC_015119.1:1426-2962	428
13	NC_015119.1:1426-2962	428
14	NC_015119.1:1426-2962	427
15	NC_015119.1:1426-2962	427
16	NC_015119.1:1426-2962	427
17	NC_015119.1:1426-2962	427
18	NC_015119.1:1426-2962	427
19	NC_015119.1:1426-2962	427
20	NC_015119.1:1426-2962	427
21	NC_015119.1:1426-2962	427
22	NC_015119.1:1426-2962	427
23	NC_015119.1:1426-2962	427
24	NC_015119.1:1426-2962	426
25	NC_015119.1:1426-2962	426
26	NC_015119.1:1426-2962	426
27	NC_015119.1:1426-2962	425
28	NC_015119.1:1426-2962	425
29	NC_015119.1:1426-2962	424
30	NC_015119.1:1426-2962	424
31	NC_015119.1:1426-2962	424
32	NC_015119.1:1426-2962	424
33	NC_015119.1:1426-2962	424
34	NC_015119.1:1426-2962	424
35	NC_015119.1:1426-2962	423
36	NC_015119.1:1426-2962	423
37	NC_015119.1:1426-2962	423
38	NC_015119.1:1426-2962	423
39	NC_015119.1:1426-2962	422
40	NC_015119.1:1426-2962	413
41	NC_015119.1:1426-2962	409
42	NC_015119.1:1426-2962	409
43	NC_015119.1:1426-2962	402
44	NC_015119.1:1426-2962	393
45	NC_015119.1:1426-2962	393
46	NC_015119.1:1426-2962	390
47	NC_015119.1:1426-2962	384
48	NC_015119.1:1426-2962	384
49	NC_015119.1:1426-2962	377
50	NC_015119.1:1426-2962	375
51	NC_015119.1:1426-2962	375
52	NC_015119.1:1426-2962	369
53	NC_015119.1:1426-2962	369
54	NC_015119.1:1426-2962	361
55	NC_015119.1:1426-2962	359
56	NC_015119.1:1426-2962	358
57	NC_015119.1:1426-2962	351
58	NC_015119.1:1426-2962	351
