59	NC_015119.1:1426-2962	350
60	NC_015119.1:1426-2962	344
61	NC_015119.1:1426-2962	344
62	NC_015119.1:1426-2962	340
63	NC_015119.1:1426-2962	338
64	NC_015119.1:1426-2962	330
65	NC_015119.1:1426-2962	321
66	NC_015119.1:1426-2962	321
67	NC_015119.1:1426-2962	318
68	NC_015119.1:1426-2962	318
69	NC_015119.1:1426-2962	318
70	NC_015119.1:1426-2962	318
71	NC_015119.1:1426-2962	318
72	NC_015119.1:1426-2962	317
73	NC_015119.1:1426-2962	317
74	NC_015119.1:1426-2962	317
75	NC_015119.1:1426-2962	315
76	NC_015119.1:1426-2962	315
77	NC_015119.1:1426-2962	315
78	NC_015119.1:1426-2962	315
79	NC_015119.1:1426-2962	315
80	NC_015119.1:1426-2962	314
81	NC_015119.1:1426-2962	270
82	NC_015119.1:1426-2962	270
83	NC_015119.1:1426-2962	270
84	NC_015119.1:1426-2962	270
85	NC_015119.1:1426-2962	270
