86	NC_015119.1:1426-2962	236
87	NC_015119.1:1426-2962	236
88	NC_015119.1:1426-2962	236
89	NC_015119.1:1426-2962	236
90	NC_015119.1:1426-2962	235
91	NC_015119.1:1426-2962	235
92	NC_015119.1:1426-2962	224
93	NC_015119.1:1426-2962	224
94	NC_015119.1:1426-2962	224
95	NC_015119.1:1426-2962	223
96	NC_015119.1:1426-2962	223
97	NC_015119.1:1426-2962	223
98	NC_015119.1:1426-2962	218
99	NC_015119.1:1426-2962	218
100	NC_015119.1:1426-2962	218
101	NC_015119.1:1426-2962	218
102	NC_015119.1:1426-2962	218
103	NC_015119.1:1426-2962	218
104	NC_015119.1:1426-2962	218
105	NC_015119.1:1426-2962	218
106	NC_015119.1:1426-2962	218
107	NC_015119.1:1426-2962	218
108	NC_015119.1:1426-2962	218
109	NC_015119.1:1426-2962	218
110	NC_015119.1:1426-2962	218
111	NC_015119.1:1426-2962	218
112	NC_015119.1:1426-2962	218
113	NC_015119.1:1426-2962	218
114	NC_015119.1:1426-2962	218
115	NC_015119.1:1426-2962	218
116	NC_015119.1:1426-2962	218
117	NC_015119.1:1426-2962	218
118	NC_015119.1:1426-2962	218
119	NC_015119.1:1426-2962	218
120	NC_015119.1:1426-2962	218
121	NC_015119.1:1426-2962	218
122	NC_015119.1:1426-2962	218
123	NC_015119.1:1426-2962	218
124	NC_015119.1:1426-2962	218
125	NC_015119.1:1426-2962	218
126	NC_015119.1:1426-2962	218
127	NC_015119.1:1426-2962	218
128	NC_015119.1:1426-2962	218
129	NC_015119.1:1426-2962	218
130	NC_015119.1:1426-2962	216
131	NC_015119.1:1426-2962	216
132	NC_015119.1:1426-2962	215
133	NC_015119.1:1426-2962	213
134	NC_015119.1:1426-2962	213
135	NC_015119.1:1426-2962	205
136	NC_015119.1:1426-2962	205
137	NC_015119.1:1426-2962	204
138	NC_015119.1:1426-2962	203
139	NC_015119.1:1426-2962	203
140	NC_015119.1:1426-2962	203
141	NC_015119.1:1426-2962	203
142	NC_015119.1:1426-2962	203
143	NC_015119.1:1426-2962	203
144	NC_015119.1:1426-2962	203
145	NC_015119.1:1426-2962	203
146	NC_015119.1:1426-2962	203
147	NC_015119.1:1426-2962	202
148	NC_015119.1:1426-2962	202
149	NC_015119.1:1426-2962	202
150	NC_015119.1:1426-2962	202
151	NC_015119.1:1426-2962	202
152	NC_015119.1:1426-2962	202
153	NC_015119.1:1426-2962	202
154	NC_015119.1:1426-2962	202
155	NC_015119.1:1426-2962	202
156	NC_015119.1:1426-2962	201
157	NC_015119.1:1426-2962	201
158	NC_015119.1:1426-2962	201
159	NC_015119.1:1426-2962	201
160	NC_015119.1:1426-2962	201
161	NC_015119.1:1426-2962	201
162	NC_015119.1:1426-2962	201
163	NC_015119.1:1426-2962	201
164	NC_015119.1:1426-2962	201
165	NC_015119.1:1426-2962	201
166	NC_015119.1:1426-2962	201
167	NC_015119.1:1426-2962	201
168	NC_015119.1:1426-2962	201
169	NC_015119.1:1426-2962	201
170	NC_015119.1:1426-2962	201
171	NC_015119.1:1426-2962	201
172	NC_015119.1:1426-2962	201
173	NC_015119.1:1426-2962	201
174	NC_015119.1:1426-2962	201
175	NC_015119.1:1426-2962	200
176	NC_015119.1:1426-2962	200
177	NC_015119.1:1426-2962	200
178	NC_015119.1:1426-2962	199
179	NC_015119.1:1426-2962	199
180	NC_015119.1:1426-2962	199
181	NC_015119.1:1426-2962	199
182	NC_015119.1:1426-2962	199
183	NC_015119.1:1426-2962	198
184	NC_015119.1:1426-2962	198
185	NC_015119.1:1426-2962	198
186	NC_015119.1:1426-2962	198
187	NC_015119.1:1426-2962	198
188	NC_015119.1:1426-2962	198
189	NC_015119.1:1426-2962	198
190	NC_015119.1:1426-2962	198
191	NC_015119.1:1426-2962	197
192	NC_015119.1:1426-2962	197
193	NC_015119.1:1426-2962	197
194	NC_015119.1:1426-2962	197
195	NC_015119.1:1426-2962	196
196	NC_015119.1:1426-2962	196
197	NC_015119.1:1426-2962	194
198	NC_015119.1:1426-2962	192
199	NC_015119.1:1426-2962	192
200	NC_015119.1:1426-2962	191
201	NC_015119.1:1426-2962	190
202	NC_015119.1:1426-2962	190
203	NC_015119.1:1426-2962	187
204	NC_015119.1:1426-2962	186
205	NC_015119.1:1426-2962	180
206	NC_015119.1:1426-2962	167
207	NC_015119.1:1426-2962	167
208	NC_015119.1:1426-2962	167
209	NC_015119.1:1426-2962	162
